Flow report for Verilog-RISC-V-CPU
Mon May 26 19:35:07 2025
Quartus Prime Version 22.1std.0 Build 915 10/25/2022 SC Lite Edition


---------------------
; Table of Contents ;
---------------------
  1. Legal Notice
  2. Flow Summary
  3. Flow Settings
  4. Flow Non-Default Global Settings
  5. Flow Elapsed Time
  6. Flow OS Summary
  7. Flow Log
  8. Flow Messages
  9. Flow Suppressed Messages



----------------
; Legal Notice ;
----------------
Copyright (C) 2022  Intel Corporation. All rights reserved.
Your use of Intel Corporation's design tools, logic functions 
and other software and tools, and any partner logic 
functions, and any output files from any of the foregoing 
(including device programming or simulation files), and any 
associated documentation or information are expressly subject 
to the terms and conditions of the Intel Program License 
Subscription Agreement, the Intel Quartus Prime License Agreement,
the Intel FPGA IP License Agreement, or other applicable license
agreement, including, without limitation, that your use is for
the sole purpose of programming logic devices manufactured by
Intel and sold by Intel or its authorized distributors.  Please
refer to the applicable agreement for further details, at
https://fpgasoftware.intel.com/eula.



+----------------------------------------------------------------------------------+
; Flow Summary                                                                     ;
+---------------------------------+------------------------------------------------+
; Flow Status                     ; Successful - Mon May 26 19:35:07 2025          ;
; Quartus Prime Version           ; 22.1std.0 Build 915 10/25/2022 SC Lite Edition ;
; Revision Name                   ; Verilog-RISC-V-CPU                             ;
; Top-level Entity Name           ; cpu                                            ;
; Family                          ; Cyclone V                                      ;
; Device                          ; 5CSEMA5F31C6                                   ;
; Timing Models                   ; Final                                          ;
; Logic utilization (in ALMs)     ; 2,642 / 32,070 ( 8 % )                         ;
; Total registers                 ; 4686                                           ;
; Total pins                      ; 22 / 457 ( 5 % )                               ;
; Total virtual pins              ; 0                                              ;
; Total block memory bits         ; 0 / 4,065,280 ( 0 % )                          ;
; Total DSP Blocks                ; 1 / 87 ( 1 % )                                 ;
; Total HSSI RX PCSs              ; 0                                              ;
; Total HSSI PMA RX Deserializers ; 0                                              ;
; Total HSSI TX PCSs              ; 0                                              ;
; Total HSSI PMA TX Serializers   ; 0                                              ;
; Total PLLs                      ; 0 / 6 ( 0 % )                                  ;
; Total DLLs                      ; 0 / 4 ( 0 % )                                  ;
+---------------------------------+------------------------------------------------+


+-----------------------------------------+
; Flow Settings                           ;
+-------------------+---------------------+
; Option            ; Setting             ;
+-------------------+---------------------+
; Start date & time ; 05/26/2025 19:31:25 ;
; Main task         ; Compilation         ;
; Revision Name     ; Verilog-RISC-V-CPU  ;
+-------------------+---------------------+


+------------------------------------------------------------------------------------------------------------------------------------------------------+
; Flow Non-Default Global Settings                                                                                                                     ;
+--------------------------------------+----------------------------------------+--------------------+-------------+-----------------------------------+
; Assignment Name                      ; Value                                  ; Default Value      ; Entity Name ; Section Id                        ;
+--------------------------------------+----------------------------------------+--------------------+-------------+-----------------------------------+
; COMPILER_SIGNATURE_ID                ; 1097035660928.174825188503932          ; --                 ; --          ; --                                ;
; EDA_BOARD_DESIGN_TIMING_TOOL         ; Stamp (Timing)                         ; <None>             ; --          ; --                                ;
; EDA_DESIGN_INSTANCE_NAME             ; NA                                     ; --                 ; --          ; tb_cpu.v                          ;
; EDA_GENERATE_FUNCTIONAL_NETLIST      ; Off                                    ; --                 ; --          ; eda_board_design_timing           ;
; EDA_GENERATE_FUNCTIONAL_NETLIST      ; Off                                    ; --                 ; --          ; eda_board_design_boundary_scan    ;
; EDA_GENERATE_FUNCTIONAL_NETLIST      ; Off                                    ; --                 ; --          ; eda_board_design_signal_integrity ;
; EDA_GENERATE_FUNCTIONAL_NETLIST      ; Off                                    ; --                 ; --          ; eda_board_design_symbol           ;
; EDA_NATIVELINK_SIMULATION_TEST_BENCH ; tb_cpu.v                               ; --                 ; --          ; eda_simulation                    ;
; EDA_OUTPUT_DATA_FORMAT               ; Stamp                                  ; --                 ; --          ; eda_board_design_timing           ;
; EDA_OUTPUT_DATA_FORMAT               ; Verilog Hdl                            ; --                 ; --          ; eda_simulation                    ;
; EDA_SIMULATION_TOOL                  ; Questa Intel FPGA (Verilog)            ; <None>             ; --          ; --                                ;
; EDA_TEST_BENCH_ENABLE_STATUS         ; TEST_BENCH_MODE                        ; --                 ; --          ; eda_simulation                    ;
; EDA_TEST_BENCH_FILE                  ; ALU/ALU.v                              ; --                 ; --          ; tb_cpu.v                          ;
; EDA_TEST_BENCH_FILE                  ; BPC/pc.v                               ; --                 ; --          ; tb_cpu.v                          ;
; EDA_TEST_BENCH_FILE                  ; CCU/control.v                          ; --                 ; --          ; tb_cpu.v                          ;
; EDA_TEST_BENCH_FILE                  ; HFU/forward.v                          ; --                 ; --          ; tb_cpu.v                          ;
; EDA_TEST_BENCH_FILE                  ; HFU/hazard.v                           ; --                 ; --          ; tb_cpu.v                          ;
; EDA_TEST_BENCH_FILE                  ; IDM/data_init.hex                      ; --                 ; --          ; tb_cpu.v                          ;
; EDA_TEST_BENCH_FILE                  ; IDM/data_mem.v                         ; --                 ; --          ; tb_cpu.v                          ;
; EDA_TEST_BENCH_FILE                  ; IDM/instr_init.hex                     ; --                 ; --          ; tb_cpu.v                          ;
; EDA_TEST_BENCH_FILE                  ; IDM/instr_mem.v                        ; --                 ; --          ; tb_cpu.v                          ;
; EDA_TEST_BENCH_FILE                  ; IMGEN/imm_gen.v                        ; --                 ; --          ; tb_cpu.v                          ;
; EDA_TEST_BENCH_FILE                  ; PIP/ex_mem.v                           ; --                 ; --          ; tb_cpu.v                          ;
; EDA_TEST_BENCH_FILE                  ; PIP/id_ex.v                            ; --                 ; --          ; tb_cpu.v                          ;
; EDA_TEST_BENCH_FILE                  ; PIP/if_id.v                            ; --                 ; --          ; tb_cpu.v                          ;
; EDA_TEST_BENCH_FILE                  ; PIP/mem_wb.v                           ; --                 ; --          ; tb_cpu.v                          ;
; EDA_TEST_BENCH_FILE                  ; REG/regfile.v                          ; --                 ; --          ; tb_cpu.v                          ;
; EDA_TEST_BENCH_FILE                  ; TLS/cpu.v                              ; --                 ; --          ; tb_cpu.v                          ;
; EDA_TEST_BENCH_FILE                  ; TLS/fsm.v                              ; --                 ; --          ; tb_cpu.v                          ;
; EDA_TEST_BENCH_FILE                  ; TLS/tb_cpu.v                           ; --                 ; --          ; tb_cpu.v                          ;
; EDA_TEST_BENCH_MODULE_NAME           ; tb_cpu.v                               ; --                 ; --          ; tb_cpu.v                          ;
; EDA_TEST_BENCH_NAME                  ; tb_cpu.v                               ; --                 ; --          ; eda_simulation                    ;
; EDA_TEST_BENCH_RUN_SIM_FOR           ; 1 ms                                   ; --                 ; --          ; tb_cpu.v                          ;
; EDA_TIME_SCALE                       ; 1 ps                                   ; --                 ; --          ; eda_simulation                    ;
; MAX_CORE_JUNCTION_TEMP               ; 85                                     ; --                 ; --          ; --                                ;
; MIN_CORE_JUNCTION_TEMP               ; 0                                      ; --                 ; --          ; --                                ;
; PARTITION_COLOR                      ; -- (Not supported for targeted family) ; --                 ; cpu         ; Top                               ;
; PARTITION_FITTER_PRESERVATION_LEVEL  ; -- (Not supported for targeted family) ; --                 ; cpu         ; Top                               ;
; PARTITION_NETLIST_TYPE               ; -- (Not supported for targeted family) ; --                 ; cpu         ; Top                               ;
; POWER_BOARD_THERMAL_MODEL            ; None (CONSERVATIVE)                    ; --                 ; --          ; --                                ;
; POWER_PRESET_COOLING_SOLUTION        ; 23 MM HEAT SINK WITH 200 LFPM AIRFLOW  ; --                 ; --          ; --                                ;
; PROJECT_OUTPUT_DIRECTORY             ; output_files                           ; --                 ; --          ; --                                ;
; TOP_LEVEL_ENTITY                     ; cpu                                    ; Verilog-RISC-V-CPU ; --          ; --                                ;
+--------------------------------------+----------------------------------------+--------------------+-------------+-----------------------------------+


+--------------------------------------------------------------------------------------------------------------------------+
; Flow Elapsed Time                                                                                                        ;
+----------------------+--------------+-------------------------+---------------------+------------------------------------+
; Module Name          ; Elapsed Time ; Average Processors Used ; Peak Virtual Memory ; Total CPU Time (on all processors) ;
+----------------------+--------------+-------------------------+---------------------+------------------------------------+
; Analysis & Synthesis ; 00:00:20     ; 1.0                     ; 4911 MB             ; 00:00:34                           ;
; Fitter               ; 00:02:48     ; 1.2                     ; 6559 MB             ; 00:06:37                           ;
; Assembler            ; 00:00:10     ; 1.0                     ; 5284 MB             ; 00:00:10                           ;
; Timing Analyzer      ; 00:00:15     ; 2.2                     ; 5453 MB             ; 00:00:27                           ;
; EDA Netlist Writer   ; 00:00:03     ; 1.0                     ; 4853 MB             ; 00:00:03                           ;
; Total                ; 00:03:36     ; --                      ; --                  ; 00:07:51                           ;
+----------------------+--------------+-------------------------+---------------------+------------------------------------+


+------------------------------------------------------------------------------------+
; Flow OS Summary                                                                    ;
+----------------------+------------------+------------+------------+----------------+
; Module Name          ; Machine Hostname ; OS Name    ; OS Version ; Processor type ;
+----------------------+------------------+------------+------------+----------------+
; Analysis & Synthesis ; SerenaLix360     ; Windows 10 ; 10.0       ; x86_64         ;
; Fitter               ; SerenaLix360     ; Windows 10 ; 10.0       ; x86_64         ;
; Assembler            ; SerenaLix360     ; Windows 10 ; 10.0       ; x86_64         ;
; Timing Analyzer      ; SerenaLix360     ; Windows 10 ; 10.0       ; x86_64         ;
; EDA Netlist Writer   ; SerenaLix360     ; Windows 10 ; 10.0       ; x86_64         ;
+----------------------+------------------+------------+------------+----------------+


------------
; Flow Log ;
------------
quartus_map --read_settings_files=on --write_settings_files=off Verilog-RISC-V-CPU -c Verilog-RISC-V-CPU
quartus_fit --read_settings_files=off --write_settings_files=off Verilog-RISC-V-CPU -c Verilog-RISC-V-CPU
quartus_asm --read_settings_files=off --write_settings_files=off Verilog-RISC-V-CPU -c Verilog-RISC-V-CPU
quartus_sta Verilog-RISC-V-CPU -c Verilog-RISC-V-CPU
quartus_eda --read_settings_files=off --write_settings_files=off Verilog-RISC-V-CPU -c Verilog-RISC-V-CPU



